<?xml version="1.1" encoding="UTF-8"?>
<testsuite name="com.sun.scenario.effect.compiler.parser.FullySpecifiedTypeTest" tests="3" failures="0" errors="0" timestamp="2019-07-25T13:04:43" hostname="wooyme" time="0.004">
  <properties/>
  <testcase name="qualified" classname="com.sun.scenario.effect.compiler.parser.FullySpecifiedTypeTest" time="0.0"/>
  <testcase name="unqualified" classname="com.sun.scenario.effect.compiler.parser.FullySpecifiedTypeTest" time="0.002"/>
  <testcase name="notAFullySpecifiedType" classname="com.sun.scenario.effect.compiler.parser.FullySpecifiedTypeTest" time="0.001"/>
  <system-out><![CDATA[]]></system-out>
  <system-err><![CDATA[]]></system-err>
</testsuite>
