<?xml version="1.1" encoding="UTF-8"?>
<testsuite name="com.sun.scenario.effect.compiler.lexer.IntegerTest" tests="2" failures="0" errors="0" timestamp="2019-08-02T04:26:26" hostname="wooyme" time="0.7">
  <properties/>
  <testcase name="badDigits" classname="com.sun.scenario.effect.compiler.lexer.IntegerTest" time="0.0"/>
  <testcase name="uptoOneMillion" classname="com.sun.scenario.effect.compiler.lexer.IntegerTest" time="0.7"/>
  <system-out><![CDATA[]]></system-out>
  <system-err><![CDATA[]]></system-err>
</testsuite>
