<?xml version="1.1" encoding="UTF-8"?>
<testsuite name="com.sun.scenario.effect.compiler.parser.EqualityExprTest" tests="3" failures="0" errors="0" timestamp="2019-08-02T04:26:25" hostname="wooyme" time="0.005">
  <properties/>
  <testcase name="notAnEqualityExpression" classname="com.sun.scenario.effect.compiler.parser.EqualityExprTest" time="0.001"/>
  <testcase name="oneEq" classname="com.sun.scenario.effect.compiler.parser.EqualityExprTest" time="0.001"/>
  <testcase name="oneNotEq" classname="com.sun.scenario.effect.compiler.parser.EqualityExprTest" time="0.002"/>
  <system-out><![CDATA[]]></system-out>
  <system-err><![CDATA[]]></system-err>
</testsuite>
