<?xml version="1.1" encoding="UTF-8"?>
<testsuite name="com.sun.scenario.effect.compiler.lexer.FloatTest" tests="3" failures="0" errors="0" timestamp="2019-08-02T04:26:26" hostname="wooyme" time="0.61">
  <properties/>
  <testcase name="noLeadingZero" classname="com.sun.scenario.effect.compiler.lexer.FloatTest" time="0.001"/>
  <testcase name="badDigits" classname="com.sun.scenario.effect.compiler.lexer.FloatTest" time="0.003"/>
  <testcase name="uptoOneMillion" classname="com.sun.scenario.effect.compiler.lexer.FloatTest" time="0.605"/>
  <system-out><![CDATA[]]></system-out>
  <system-err><![CDATA[]]></system-err>
</testsuite>
