<?xml version="1.1" encoding="UTF-8"?>
<testsuite name="com.sun.scenario.effect.compiler.lexer.FloatTest" tests="3" failures="0" errors="0" timestamp="2019-08-13T14:45:19" hostname="wooyme" time="0.74">
  <properties/>
  <testcase name="noLeadingZero" classname="com.sun.scenario.effect.compiler.lexer.FloatTest" time="0.002"/>
  <testcase name="badDigits" classname="com.sun.scenario.effect.compiler.lexer.FloatTest" time="0.0"/>
  <testcase name="uptoOneMillion" classname="com.sun.scenario.effect.compiler.lexer.FloatTest" time="0.73"/>
  <system-out><![CDATA[]]></system-out>
  <system-err><![CDATA[]]></system-err>
</testsuite>
