<?xml version="1.1" encoding="UTF-8"?>
<testsuite name="com.sun.scenario.effect.compiler.parser.AddExprTest" tests="23" failures="0" errors="0" timestamp="2019-07-25T13:04:43" hostname="wooyme" time="0.09">
  <properties/>
  <testcase name="oneAddition" classname="com.sun.scenario.effect.compiler.parser.AddExprTest" time="0.004"/>
  <testcase name="notAnAdditiveExpression" classname="com.sun.scenario.effect.compiler.parser.AddExprTest" time="0.005"/>
  <testcase name="additiveCombination" classname="com.sun.scenario.effect.compiler.parser.AddExprTest" time="0.018"/>
  <testcase name="oneSubtraction" classname="com.sun.scenario.effect.compiler.parser.AddExprTest" time="0.005"/>
  <testcase name="notAMultiplicativeExpression" classname="com.sun.scenario.effect.compiler.parser.AddExprTest" time="0.0"/>
  <testcase name="oneDivision" classname="com.sun.scenario.effect.compiler.parser.AddExprTest" time="0.002"/>
  <testcase name="expressionCombination" classname="com.sun.scenario.effect.compiler.parser.AddExprTest" time="0.003"/>
  <testcase name="oneMultiplication" classname="com.sun.scenario.effect.compiler.parser.AddExprTest" time="0.0"/>
  <testcase name="notAUnaryExpression" classname="com.sun.scenario.effect.compiler.parser.AddExprTest" time="0.0"/>
  <testcase name="preDecrement" classname="com.sun.scenario.effect.compiler.parser.AddExprTest" time="0.001"/>
  <testcase name="postDecrement" classname="com.sun.scenario.effect.compiler.parser.AddExprTest" time="0.005"/>
  <testcase name="positive" classname="com.sun.scenario.effect.compiler.parser.AddExprTest" time="0.001"/>
  <testcase name="preIncrement" classname="com.sun.scenario.effect.compiler.parser.AddExprTest" time="0.0"/>
  <testcase name="negative" classname="com.sun.scenario.effect.compiler.parser.AddExprTest" time="0.0"/>
  <testcase name="postIncrement" classname="com.sun.scenario.effect.compiler.parser.AddExprTest" time="0.001"/>
  <testcase name="negated" classname="com.sun.scenario.effect.compiler.parser.AddExprTest" time="0.002"/>
  <testcase name="variable" classname="com.sun.scenario.effect.compiler.parser.AddExprTest" time="0.002"/>
  <testcase name="notAPrimaryExpression" classname="com.sun.scenario.effect.compiler.parser.AddExprTest" time="0.002"/>
  <testcase name="bracketted" classname="com.sun.scenario.effect.compiler.parser.AddExprTest" time="0.001"/>
  <testcase name="boolLiteralF" classname="com.sun.scenario.effect.compiler.parser.AddExprTest" time="0.001"/>
  <testcase name="boolLiteralT" classname="com.sun.scenario.effect.compiler.parser.AddExprTest" time="0.001"/>
  <testcase name="intLiteral" classname="com.sun.scenario.effect.compiler.parser.AddExprTest" time="0.001"/>
  <testcase name="floatLiteral" classname="com.sun.scenario.effect.compiler.parser.AddExprTest" time="0.002"/>
  <system-out><![CDATA[]]></system-out>
  <system-err><![CDATA[]]></system-err>
</testsuite>
