<?xml version="1.1" encoding="UTF-8"?>
<testsuite name="com.sun.scenario.effect.compiler.parser.AssignmentExprTest" tests="7" failures="0" errors="0" timestamp="2019-07-25T13:04:43" hostname="wooyme" time="0.021">
  <properties/>
  <testcase name="coreVarField" classname="com.sun.scenario.effect.compiler.parser.AssignmentExprTest" time="0.003"/>
  <testcase name="coreROVar" classname="com.sun.scenario.effect.compiler.parser.AssignmentExprTest" time="0.013"/>
  <testcase name="coreROVarField" classname="com.sun.scenario.effect.compiler.parser.AssignmentExprTest" time="0.001"/>
  <testcase name="userVar" classname="com.sun.scenario.effect.compiler.parser.AssignmentExprTest" time="0.001"/>
  <testcase name="userROVar" classname="com.sun.scenario.effect.compiler.parser.AssignmentExprTest" time="0.0"/>
  <testcase name="coreVar" classname="com.sun.scenario.effect.compiler.parser.AssignmentExprTest" time="0.001"/>
  <testcase name="notAnAssignment" classname="com.sun.scenario.effect.compiler.parser.AssignmentExprTest" time="0.001"/>
  <system-out><![CDATA[]]></system-out>
  <system-err><![CDATA[]]></system-err>
</testsuite>
