<?xml version="1.1" encoding="UTF-8"?>
<testsuite name="com.sun.scenario.effect.compiler.SymbolTest" tests="1" failures="0" errors="0" timestamp="2019-07-25T13:04:43" hostname="wooyme" time="0.181">
  <properties/>
  <testcase name="specialVarUsedOutsideOfMain" classname="com.sun.scenario.effect.compiler.SymbolTest" time="0.181"/>
  <system-out><![CDATA[]]></system-out>
  <system-err><![CDATA[]]></system-err>
</testsuite>
