<?xml version="1.1" encoding="UTF-8"?>
<testsuite name="com.sun.scenario.effect.compiler.lexer.LineCommentTest" tests="2" failures="0" errors="0" timestamp="2019-08-13T14:45:20" hostname="wooyme" time="0.001">
  <properties/>
  <testcase name="notAComment" classname="com.sun.scenario.effect.compiler.lexer.LineCommentTest" time="0.0"/>
  <testcase name="comment" classname="com.sun.scenario.effect.compiler.lexer.LineCommentTest" time="0.0"/>
  <system-out><![CDATA[]]></system-out>
  <system-err><![CDATA[]]></system-err>
</testsuite>
