<?xml version="1.1" encoding="UTF-8"?>
<testsuite name="com.sun.scenario.effect.compiler.lexer.WhitespaceTest" tests="5" failures="0" errors="0" timestamp="2019-08-07T09:51:08" hostname="wooyme" time="0.002">
  <properties/>
  <testcase name="tab" classname="com.sun.scenario.effect.compiler.lexer.WhitespaceTest" time="0.001"/>
  <testcase name="space" classname="com.sun.scenario.effect.compiler.lexer.WhitespaceTest" time="0.0"/>
  <testcase name="carriageReturn" classname="com.sun.scenario.effect.compiler.lexer.WhitespaceTest" time="0.0"/>
  <testcase name="nonSpace" classname="com.sun.scenario.effect.compiler.lexer.WhitespaceTest" time="0.0"/>
  <testcase name="newLine" classname="com.sun.scenario.effect.compiler.lexer.WhitespaceTest" time="0.0"/>
  <system-out><![CDATA[]]></system-out>
  <system-err><![CDATA[]]></system-err>
</testsuite>
