<?xml version="1.1" encoding="UTF-8"?>
<testsuite name="com.sun.scenario.effect.compiler.parser.IterationStatementTest" tests="7" failures="0" errors="0" timestamp="2019-08-13T14:45:19" hostname="wooyme" time="0.016">
  <properties/>
  <testcase name="forStmtNoConditionOrIncrement" classname="com.sun.scenario.effect.compiler.parser.IterationStatementTest" time="0.001"/>
  <testcase name="whileStmt" classname="com.sun.scenario.effect.compiler.parser.IterationStatementTest" time="0.001"/>
  <testcase name="forStmtNoIncrement" classname="com.sun.scenario.effect.compiler.parser.IterationStatementTest" time="0.001"/>
  <testcase name="forStmtNoCondition" classname="com.sun.scenario.effect.compiler.parser.IterationStatementTest" time="0.006"/>
  <testcase name="forStmt" classname="com.sun.scenario.effect.compiler.parser.IterationStatementTest" time="0.001"/>
  <testcase name="doWhileStmt" classname="com.sun.scenario.effect.compiler.parser.IterationStatementTest" time="0.001"/>
  <testcase name="notAnIterationStmt" classname="com.sun.scenario.effect.compiler.parser.IterationStatementTest" time="0.001"/>
  <system-out><![CDATA[]]></system-out>
  <system-err><![CDATA[]]></system-err>
</testsuite>
